生成启动时间为 19/11/22 周五 10:10:22。
     1>项目“D:\GiteeCode\libEventCode\CLibEventDemo\CLibEventDemo\CLibEventDemo.vcxproj”在节点 2 上(Build 个目标)。
     1>InitializeBuildStatus:
         正在对“Debug\CLibEventDemo.tlog\unsuccessfulbuild”执行 Touch 任务。
       ClCompile:
         所有输出均为最新。
         D:\Program Files\Microsoft Visual Studio 12.0\VC\bin\CL.exe /c /I..\include /ZI /nologo /W3 /WX- /sdl- /Od /Oy- /D WIN32 /D _DEBUG /D _CONSOLE /D _LIB /D _CRT_SECURE_NO_WARNINGS /D _UNICODE /D UNICODE /Gm /EHsc /RTC1 /MTd /GS /fp:precise /Zc:wchar_t /Zc:forScope /Yu"stdafx.h" /Fp"Debug\CLibEventDemo.pch" /Fo"Debug\\" /Fd"Debug\vc120.pdb" /Gd /TP /analyze- /errorReport:prompt CLibEventDemo.cpp
         CLibEventDemo.cpp
     1>d:\giteecode\libeventcode\clibeventdemo\clibeventdemo\clibeventdemo.cpp(105): warning C4996: 'inet_addr': Use inet_pton() or InetPton() instead or define _WINSOCK_DEPRECATED_NO_WARNINGS to disable deprecated API warnings
                 c:\program files (x86)\windows kits\8.1\include\um\winsock2.h(1850) : 参见“inet_addr”的声明
     1>d:\giteecode\libeventcode\clibeventdemo\clibeventdemo\clibeventdemo.cpp(106): warning C4996: 'inet_ntoa': Use inet_ntop() or InetNtop() instead or define _WINSOCK_DEPRECATED_NO_WARNINGS to disable deprecated API warnings
                 c:\program files (x86)\windows kits\8.1\include\um\winsock2.h(1868) : 参见“inet_ntoa”的声明
       Link:
         D:\Program Files\Microsoft Visual Studio 12.0\VC\bin\link.exe /ERRORREPORT:PROMPT /OUT:"D:\GiteeCode\libEventCode\CLibEventDemo\Debug\CLibEventDemo.exe" /INCREMENTAL /NOLOGO /LIBPATH:..\lib ws2_32.lib wsock32.lib libevent.lib libevent_core.lib libevent_extras.lib kernel32.lib user32.lib gdi32.lib winspool.lib comdlg32.lib advapi32.lib shell32.lib ole32.lib oleaut32.lib uuid.lib odbc32.lib odbccp32.lib /MANIFEST /MANIFESTUAC:"level='asInvoker' uiAccess='false'" /manifest:embed /DEBUG /PDB:"D:\GiteeCode\libEventCode\CLibEventDemo\Debug\CLibEventDemo.pdb" /SUBSYSTEM:CONSOLE /TLBID:1 /DYNAMICBASE /NXCOMPAT /IMPLIB:"D:\GiteeCode\libEventCode\CLibEventDemo\Debug\CLibEventDemo.lib" /MACHINE:X86 Debug\CLibEventDemo.obj
         Debug\EventBase.obj
         Debug\stdafx.obj
     1>LINK : warning LNK4098: 默认库“LIBCMT”与其他库的使用冲突；请使用 /NODEFAULTLIB:library
         CLibEventDemo.vcxproj -> D:\GiteeCode\libEventCode\CLibEventDemo\Debug\CLibEventDemo.exe
       FinalizeBuildStatus:
         正在删除文件“Debug\CLibEventDemo.tlog\unsuccessfulbuild”。
         正在对“Debug\CLibEventDemo.tlog\CLibEventDemo.lastbuildstate”执行 Touch 任务。
     1>已完成生成项目“D:\GiteeCode\libEventCode\CLibEventDemo\CLibEventDemo\CLibEventDemo.vcxproj”(Build 个目标)的操作。

生成成功。

已用时间 00:00:02.78
